06/03/2025, 15:05:17
имя функции: hello_world
аргументы функции: (), {}
результат Hello World
--------------------------------------------------

06/03/2025, 15:05:17
имя функции: summator
аргументы функции: (2, 2), {}
результат 4
--------------------------------------------------

06/03/2025, 15:05:17
имя функции: div
аргументы функции: (6, 2), {}
результат 3.0
--------------------------------------------------

06/03/2025, 15:05:17
имя функции: summator
аргументы функции: (4.3,), {'b': 2.2}
результат 6.5
--------------------------------------------------

