03/03/2025, 18:52:02
имя функции: hello_world
аргументы функции: (), {}
результат Hello World
--------------------------------------------------

03/03/2025, 18:52:02
имя функции: summator
аргументы функции: (2, 2), {}
результат 4
--------------------------------------------------

03/03/2025, 18:52:02
имя функции: div
аргументы функции: (6, 2), {}
результат 3.0
--------------------------------------------------

03/03/2025, 18:52:02
имя функции: summator
аргументы функции: (4.3,), {'b': 2.2}
результат 6.5
--------------------------------------------------

03/03/2025, 18:52:02
имя функции: summator
аргументы функции: (), {'a': 0, 'b': 0}
результат 0
--------------------------------------------------

